<?xml version="1.0" encoding="UTF-8"?>
<!-- Generated by org.testng.reporters.JUnitReportReporter -->
<testsuite hostname="L-BG-P10425435" failures="0" tests="1" name="com.demo.SeleniumPractice.TestRunner" time="0.538" errors="0" timestamp="01 Jun 2019 13:57:46 GMT" skipped="0">
  <testcase classname="com.demo.SeleniumPractice.TestRunner" name="feature" time="0.538"/>
</testsuite> <!-- com.demo.SeleniumPractice.TestRunner -->
